c:\users\maag\git-repos\dhbw_sarb\roslabdrohne\code\domain\domain\debug\vc142.pdb
c:\users\maag\git-repos\dhbw_sarb\roslabdrohne\code\domain\domain\debug\vc142.idb
c:\users\maag\git-repos\dhbw_sarb\roslabdrohne\code\domain\domain\debug\vector3d.obj
c:\users\maag\git-repos\dhbw_sarb\roslabdrohne\code\domain\domain\debug\value.obj
c:\users\maag\git-repos\dhbw_sarb\roslabdrohne\code\domain\domain\debug\domain.obj
c:\users\maag\git-repos\dhbw_sarb\roslabdrohne\code\domain\domain\debug\controller_p.obj
c:\users\maag\git-repos\dhbw_sarb\roslabdrohne\code\domain\domain\debug\controller_i.obj
c:\users\maag\git-repos\dhbw_sarb\roslabdrohne\code\domain\domain\debug\outputable.obj
c:\users\maag\git-repos\dhbw_sarb\roslabdrohne\code\domain\domain\debug\controller_pt.obj
c:\users\maag\git-repos\dhbw_sarb\roslabdrohne\code\domain\domain\debug\controller_pid.obj
c:\users\maag\git-repos\dhbw_sarb\roslabdrohne\code\domain\domain\debug\controller_input.obj
c:\users\maag\git-repos\dhbw_sarb\roslabdrohne\code\domain\domain\debug\controller_d.obj
c:\users\maag\git-repos\dhbw_sarb\roslabdrohne\code\domain\domain\debug\controllersystem.obj
c:\users\maag\git-repos\dhbw_sarb\roslabdrohne\code\domain\domain\debug\controllable.obj
c:\users\maag\git-repos\dhbw_sarb\roslabdrohne\code\domain\debug\domain.ilk
c:\users\maag\git-repos\dhbw_sarb\roslabdrohne\code\domain\debug\domain.dll
c:\users\maag\git-repos\dhbw_sarb\roslabdrohne\code\domain\debug\domain.pdb
c:\users\maag\git-repos\dhbw_sarb\roslabdrohne\code\domain\domain\debug\domain.tlog\cl.command.1.tlog
c:\users\maag\git-repos\dhbw_sarb\roslabdrohne\code\domain\domain\debug\domain.tlog\cl.read.1.tlog
c:\users\maag\git-repos\dhbw_sarb\roslabdrohne\code\domain\domain\debug\domain.tlog\cl.write.1.tlog
c:\users\maag\git-repos\dhbw_sarb\roslabdrohne\code\domain\domain\debug\domain.tlog\link.command.1.tlog
c:\users\maag\git-repos\dhbw_sarb\roslabdrohne\code\domain\domain\debug\domain.tlog\link.read.1.tlog
c:\users\maag\git-repos\dhbw_sarb\roslabdrohne\code\domain\domain\debug\domain.tlog\link.write.1.tlog
